<?xml version="1.0" encoding="UTF-8"?>
<testsuite xmlns:xsi="http://www.w3.org/2001/XMLSchema-instance" xsi:noNamespaceSchemaLocation="https://maven.apache.org/surefire/maven-surefire-plugin/xsd/surefire-test-report.xsd" name="com.portfolio.apiportfolio.ApiPortfolioApplicationTests" time="14.632" tests="1" errors="0" skipped="0" failures="0">
  <properties>
    <property name="java.specification.version" value="19"/>
    <property name="sun.cpu.isalist" value="amd64"/>
    <property name="sun.jnu.encoding" value="UTF-8"/>
    <property name="java.class.path" value="C:\Programacion\ArgentinaPrograma\Portfolio-BackEnd\target\test-classes;C:\Programacion\ArgentinaPrograma\Portfolio-BackEnd\target\classes;C:\Users\MAMALONA\.m2\repository\org\apache\httpcomponents\client5\httpclient5-fluent\5.1.3\httpclient5-fluent-5.1.3.jar;C:\Users\MAMALONA\.m2\repository\org\apache\httpcomponents\client5\httpclient5\5.1.3\httpclient5-5.1.3.jar;C:\Users\MAMALONA\.m2\repository\org\apache\httpcomponents\core5\httpcore5\5.1.3\httpcore5-5.1.3.jar;C:\Users\MAMALONA\.m2\repository\org\apache\httpcomponents\core5\httpcore5-h2\5.1.3\httpcore5-h2-5.1.3.jar;C:\Users\MAMALONA\.m2\repository\commons-codec\commons-codec\1.15\commons-codec-1.15.jar;C:\Users\MAMALONA\.m2\repository\org\slf4j\slf4j-api\1.7.36\slf4j-api-1.7.36.jar;C:\Users\MAMALONA\.m2\repository\org\springframework\boot\spring-boot-starter-data-jpa\2.6.7\spring-boot-starter-data-jpa-2.6.7.jar;C:\Users\MAMALONA\.m2\repository\org\springframework\boot\spring-boot-starter-aop\2.6.7\spring-boot-starter-aop-2.6.7.jar;C:\Users\MAMALONA\.m2\repository\org\aspectj\aspectjweaver\1.9.7\aspectjweaver-1.9.7.jar;C:\Users\MAMALONA\.m2\repository\org\springframework\boot\spring-boot-starter-jdbc\2.6.7\spring-boot-starter-jdbc-2.6.7.jar;C:\Users\MAMALONA\.m2\repository\com\zaxxer\HikariCP\4.0.3\HikariCP-4.0.3.jar;C:\Users\MAMALONA\.m2\repository\org\springframework\spring-jdbc\5.3.19\spring-jdbc-5.3.19.jar;C:\Users\MAMALONA\.m2\repository\jakarta\transaction\jakarta.transaction-api\1.3.3\jakarta.transaction-api-1.3.3.jar;C:\Users\MAMALONA\.m2\repository\jakarta\persistence\jakarta.persistence-api\2.2.3\jakarta.persistence-api-2.2.3.jar;C:\Users\MAMALONA\.m2\repository\org\hibernate\hibernate-core\5.6.8.Final\hibernate-core-5.6.8.Final.jar;C:\Users\MAMALONA\.m2\repository\org\jboss\logging\jboss-logging\3.4.3.Final\jboss-logging-3.4.3.Final.jar;C:\Users\MAMALONA\.m2\repository\net\bytebuddy\byte-buddy\1.11.22\byte-buddy-1.11.22.jar;C:\Users\MAMALONA\.m2\repository\antlr\antlr\2.7.7\antlr-2.7.7.jar;C:\Users\MAMALONA\.m2\repository\org\jboss\jandex\2.4.2.Final\jandex-2.4.2.Final.jar;C:\Users\MAMALONA\.m2\repository\com\fasterxml\classmate\1.5.1\classmate-1.5.1.jar;C:\Users\MAMALONA\.m2\repository\org\hibernate\common\hibernate-commons-annotations\5.1.2.Final\hibernate-commons-annotations-5.1.2.Final.jar;C:\Users\MAMALONA\.m2\repository\org\glassfish\jaxb\jaxb-runtime\2.3.6\jaxb-runtime-2.3.6.jar;C:\Users\MAMALONA\.m2\repository\org\glassfish\jaxb\txw2\2.3.6\txw2-2.3.6.jar;C:\Users\MAMALONA\.m2\repository\com\sun\istack\istack-commons-runtime\3.0.12\istack-commons-runtime-3.0.12.jar;C:\Users\MAMALONA\.m2\repository\com\sun\activation\jakarta.activation\1.2.2\jakarta.activation-1.2.2.jar;C:\Users\MAMALONA\.m2\repository\org\springframework\data\spring-data-jpa\2.6.4\spring-data-jpa-2.6.4.jar;C:\Users\MAMALONA\.m2\repository\org\springframework\data\spring-data-commons\2.6.4\spring-data-commons-2.6.4.jar;C:\Users\MAMALONA\.m2\repository\org\springframework\spring-orm\5.3.19\spring-orm-5.3.19.jar;C:\Users\MAMALONA\.m2\repository\org\springframework\spring-tx\5.3.19\spring-tx-5.3.19.jar;C:\Users\MAMALONA\.m2\repository\org\springframework\spring-aspects\5.3.19\spring-aspects-5.3.19.jar;C:\Users\MAMALONA\.m2\repository\org\springframework\boot\spring-boot-starter-web\2.6.7\spring-boot-starter-web-2.6.7.jar;C:\Users\MAMALONA\.m2\repository\org\springframework\boot\spring-boot-starter\2.6.7\spring-boot-starter-2.6.7.jar;C:\Users\MAMALONA\.m2\repository\org\springframework\boot\spring-boot\2.6.7\spring-boot-2.6.7.jar;C:\Users\MAMALONA\.m2\repository\org\springframework\boot\spring-boot-autoconfigure\2.6.7\spring-boot-autoconfigure-2.6.7.jar;C:\Users\MAMALONA\.m2\repository\org\springframework\boot\spring-boot-starter-logging\2.6.7\spring-boot-starter-logging-2.6.7.jar;C:\Users\MAMALONA\.m2\repository\ch\qos\logback\logback-classic\1.2.11\logback-classic-1.2.11.jar;C:\Users\MAMALONA\.m2\repository\ch\qos\logback\logback-core\1.2.11\logback-core-1.2.11.jar;C:\Users\MAMALONA\.m2\repository\org\apache\logging\log4j\log4j-to-slf4j\2.17.2\log4j-to-slf4j-2.17.2.jar;C:\Users\MAMALONA\.m2\repository\org\apache\logging\log4j\log4j-api\2.17.2\log4j-api-2.17.2.jar;C:\Users\MAMALONA\.m2\repository\org\slf4j\jul-to-slf4j\1.7.36\jul-to-slf4j-1.7.36.jar;C:\Users\MAMALONA\.m2\repository\jakarta\annotation\jakarta.annotation-api\1.3.5\jakarta.annotation-api-1.3.5.jar;C:\Users\MAMALONA\.m2\repository\org\yaml\snakeyaml\1.29\snakeyaml-1.29.jar;C:\Users\MAMALONA\.m2\repository\org\springframework\boot\spring-boot-starter-json\2.6.7\spring-boot-starter-json-2.6.7.jar;C:\Users\MAMALONA\.m2\repository\com\fasterxml\jackson\datatype\jackson-datatype-jdk8\2.13.2\jackson-datatype-jdk8-2.13.2.jar;C:\Users\MAMALONA\.m2\repository\com\fasterxml\jackson\datatype\jackson-datatype-jsr310\2.13.2\jackson-datatype-jsr310-2.13.2.jar;C:\Users\MAMALONA\.m2\repository\com\fasterxml\jackson\module\jackson-module-parameter-names\2.13.2\jackson-module-parameter-names-2.13.2.jar;C:\Users\MAMALONA\.m2\repository\org\springframework\boot\spring-boot-starter-tomcat\2.6.7\spring-boot-starter-tomcat-2.6.7.jar;C:\Users\MAMALONA\.m2\repository\org\apache\tomcat\embed\tomcat-embed-core\9.0.62\tomcat-embed-core-9.0.62.jar;C:\Users\MAMALONA\.m2\repository\org\apache\tomcat\embed\tomcat-embed-websocket\9.0.62\tomcat-embed-websocket-9.0.62.jar;C:\Users\MAMALONA\.m2\repository\org\springframework\spring-web\5.3.19\spring-web-5.3.19.jar;C:\Users\MAMALONA\.m2\repository\org\springframework\spring-webmvc\5.3.19\spring-webmvc-5.3.19.jar;C:\Users\MAMALONA\.m2\repository\mysql\mysql-connector-java\8.0.28\mysql-connector-java-8.0.28.jar;C:\Users\MAMALONA\.m2\repository\org\springframework\boot\spring-boot-starter-test\2.6.7\spring-boot-starter-test-2.6.7.jar;C:\Users\MAMALONA\.m2\repository\org\springframework\boot\spring-boot-test\2.6.7\spring-boot-test-2.6.7.jar;C:\Users\MAMALONA\.m2\repository\org\springframework\boot\spring-boot-test-autoconfigure\2.6.7\spring-boot-test-autoconfigure-2.6.7.jar;C:\Users\MAMALONA\.m2\repository\com\jayway\jsonpath\json-path\2.6.0\json-path-2.6.0.jar;C:\Users\MAMALONA\.m2\repository\net\minidev\json-smart\2.4.8\json-smart-2.4.8.jar;C:\Users\MAMALONA\.m2\repository\net\minidev\accessors-smart\2.4.8\accessors-smart-2.4.8.jar;C:\Users\MAMALONA\.m2\repository\org\ow2\asm\asm\9.1\asm-9.1.jar;C:\Users\MAMALONA\.m2\repository\jakarta\xml\bind\jakarta.xml.bind-api\2.3.3\jakarta.xml.bind-api-2.3.3.jar;C:\Users\MAMALONA\.m2\repository\jakarta\activation\jakarta.activation-api\1.2.2\jakarta.activation-api-1.2.2.jar;C:\Users\MAMALONA\.m2\repository\org\assertj\assertj-core\3.21.0\assertj-core-3.21.0.jar;C:\Users\MAMALONA\.m2\repository\org\hamcrest\hamcrest\2.2\hamcrest-2.2.jar;C:\Users\MAMALONA\.m2\repository\org\junit\jupiter\junit-jupiter\5.8.2\junit-jupiter-5.8.2.jar;C:\Users\MAMALONA\.m2\repository\org\junit\jupiter\junit-jupiter-api\5.8.2\junit-jupiter-api-5.8.2.jar;C:\Users\MAMALONA\.m2\repository\org\opentest4j\opentest4j\1.2.0\opentest4j-1.2.0.jar;C:\Users\MAMALONA\.m2\repository\org\junit\platform\junit-platform-commons\1.8.2\junit-platform-commons-1.8.2.jar;C:\Users\MAMALONA\.m2\repository\org\apiguardian\apiguardian-api\1.1.2\apiguardian-api-1.1.2.jar;C:\Users\MAMALONA\.m2\repository\org\junit\jupiter\junit-jupiter-params\5.8.2\junit-jupiter-params-5.8.2.jar;C:\Users\MAMALONA\.m2\repository\org\junit\jupiter\junit-jupiter-engine\5.8.2\junit-jupiter-engine-5.8.2.jar;C:\Users\MAMALONA\.m2\repository\org\junit\platform\junit-platform-engine\1.8.2\junit-platform-engine-1.8.2.jar;C:\Users\MAMALONA\.m2\repository\org\mockito\mockito-core\4.0.0\mockito-core-4.0.0.jar;C:\Users\MAMALONA\.m2\repository\net\bytebuddy\byte-buddy-agent\1.11.22\byte-buddy-agent-1.11.22.jar;C:\Users\MAMALONA\.m2\repository\org\objenesis\objenesis\3.2\objenesis-3.2.jar;C:\Users\MAMALONA\.m2\repository\org\mockito\mockito-junit-jupiter\4.0.0\mockito-junit-jupiter-4.0.0.jar;C:\Users\MAMALONA\.m2\repository\org\skyscreamer\jsonassert\1.5.0\jsonassert-1.5.0.jar;C:\Users\MAMALONA\.m2\repository\com\vaadin\external\google\android-json\0.0.20131108.vaadin1\android-json-0.0.20131108.vaadin1.jar;C:\Users\MAMALONA\.m2\repository\org\springframework\spring-test\5.3.19\spring-test-5.3.19.jar;C:\Users\MAMALONA\.m2\repository\org\xmlunit\xmlunit-core\2.8.4\xmlunit-core-2.8.4.jar;C:\Users\MAMALONA\.m2\repository\org\springframework\spring-core\5.3.19\spring-core-5.3.19.jar;C:\Users\MAMALONA\.m2\repository\org\springframework\spring-jcl\5.3.19\spring-jcl-5.3.19.jar;C:\Users\MAMALONA\.m2\repository\org\springframework\boot\spring-boot-starter-security\2.6.7\spring-boot-starter-security-2.6.7.jar;C:\Users\MAMALONA\.m2\repository\org\springframework\spring-aop\5.3.19\spring-aop-5.3.19.jar;C:\Users\MAMALONA\.m2\repository\org\springframework\security\spring-security-config\5.6.3\spring-security-config-5.6.3.jar;C:\Users\MAMALONA\.m2\repository\org\springframework\security\spring-security-web\5.6.3\spring-security-web-5.6.3.jar;C:\Users\MAMALONA\.m2\repository\org\springframework\security\spring-security-core\5.6.3\spring-security-core-5.6.3.jar;C:\Users\MAMALONA\.m2\repository\org\springframework\security\spring-security-crypto\5.6.3\spring-security-crypto-5.6.3.jar;C:\Users\MAMALONA\.m2\repository\org\springframework\spring-beans\5.3.19\spring-beans-5.3.19.jar;C:\Users\MAMALONA\.m2\repository\org\springframework\spring-context\5.3.19\spring-context-5.3.19.jar;C:\Users\MAMALONA\.m2\repository\org\springframework\spring-expression\5.3.19\spring-expression-5.3.19.jar;C:\Users\MAMALONA\.m2\repository\io\jsonwebtoken\jjwt\0.9.1\jjwt-0.9.1.jar;C:\Users\MAMALONA\.m2\repository\com\fasterxml\jackson\core\jackson-databind\2.13.2.1\jackson-databind-2.13.2.1.jar;C:\Users\MAMALONA\.m2\repository\com\fasterxml\jackson\core\jackson-annotations\2.13.2\jackson-annotations-2.13.2.jar;C:\Users\MAMALONA\.m2\repository\com\fasterxml\jackson\core\jackson-core\2.13.2\jackson-core-2.13.2.jar;C:\Users\MAMALONA\.m2\repository\org\springframework\boot\spring-boot-starter-validation\2.6.7\spring-boot-starter-validation-2.6.7.jar;C:\Users\MAMALONA\.m2\repository\org\apache\tomcat\embed\tomcat-embed-el\9.0.62\tomcat-embed-el-9.0.62.jar;C:\Users\MAMALONA\.m2\repository\org\hibernate\validator\hibernate-validator\6.2.3.Final\hibernate-validator-6.2.3.Final.jar;C:\Users\MAMALONA\.m2\repository\jakarta\validation\jakarta.validation-api\2.0.2\jakarta.validation-api-2.0.2.jar;C:\Users\MAMALONA\.m2\repository\org\netbeans\modules\org-netbeans-modules-xml-text\RELEASE122\org-netbeans-modules-xml-text-RELEASE122.jar;C:\Users\MAMALONA\.m2\repository\org\netbeans\api\org-netbeans-api-annotations-common\RELEASE122\org-netbeans-api-annotations-common-RELEASE122.jar;C:\Users\MAMALONA\.m2\repository\org\netbeans\api\org-netbeans-api-progress\RELEASE122\org-netbeans-api-progress-RELEASE122.jar;C:\Users\MAMALONA\.m2\repository\org\netbeans\api\org-netbeans-api-xml\RELEASE122\org-netbeans-api-xml-RELEASE122.jar;C:\Users\MAMALONA\.m2\repository\org\netbeans\api\org-netbeans-modules-csl-api\RELEASE122\org-netbeans-modules-csl-api-RELEASE122.jar;C:\Users\MAMALONA\.m2\repository\org\netbeans\api\org-netbeans-api-java-classpath\RELEASE122\org-netbeans-api-java-classpath-RELEASE122.jar;C:\Users\MAMALONA\.m2\repository\org\netbeans\api\org-netbeans-api-progress-nb\RELEASE122\org-netbeans-api-progress-nb-RELEASE122.jar;C:\Users\MAMALONA\.m2\repository\org\netbeans\api\org-netbeans-core-multiview\RELEASE122\org-netbeans-core-multiview-RELEASE122.jar;C:\Users\MAMALONA\.m2\repository\org\netbeans\api\org-netbeans-libs-lucene\RELEASE122\org-netbeans-libs-lucene-RELEASE122.jar;C:\Users\MAMALONA\.m2\repository\org\apache\lucene\lucene-core\3.6.2\lucene-core-3.6.2.jar;C:\Users\MAMALONA\.m2\repository\org\netbeans\api\org-netbeans-modules-diff\RELEASE122\org-netbeans-modules-diff-RELEASE122.jar;C:\Users\MAMALONA\.m2\repository\org\netbeans\api\org-openide-io\RELEASE122\org-openide-io-RELEASE122.jar;C:\Users\MAMALONA\.m2\repository\org\netbeans\api\org-netbeans-api-intent\RELEASE122\org-netbeans-api-intent-RELEASE122.jar;C:\Users\MAMALONA\.m2\repository\org\netbeans\api\org-netbeans-api-io\RELEASE122\org-netbeans-api-io-RELEASE122.jar;C:\Users\MAMALONA\.m2\repository\org\netbeans\modules\org-netbeans-modules-editor-actions\RELEASE122\org-netbeans-modules-editor-actions-RELEASE122.jar;C:\Users\MAMALONA\.m2\repository\org\netbeans\api\org-netbeans-modules-editor-codetemplates\RELEASE122\org-netbeans-modules-editor-codetemplates-RELEASE122.jar;C:\Users\MAMALONA\.m2\repository\org\netbeans\modules\org-netbeans-modules-editor-errorstripe\RELEASE122\org-netbeans-modules-editor-errorstripe-RELEASE122.jar;C:\Users\MAMALONA\.m2\repository\org\netbeans\api\org-netbeans-modules-editor-errorstripe-api\RELEASE122\org-netbeans-modules-editor-errorstripe-api-RELEASE122.jar;C:\Users\MAMALONA\.m2\repository\org\netbeans\api\org-netbeans-modules-editor-settings-lib\RELEASE122\org-netbeans-modules-editor-settings-lib-RELEASE122.jar;C:\Users\MAMALONA\.m2\repository\org\netbeans\modules\org-netbeans-modules-editor-settings-storage\RELEASE122\org-netbeans-modules-editor-settings-storage-RELEASE122.jar;C:\Users\MAMALONA\.m2\repository\org\netbeans\modules\org-netbeans-modules-options-keymap\RELEASE122\org-netbeans-modules-options-keymap-RELEASE122.jar;C:\Users\MAMALONA\.m2\repository\org\netbeans\api\org-netbeans-modules-jumpto\RELEASE122\org-netbeans-modules-jumpto-RELEASE122.jar;C:\Users\MAMALONA\.m2\repository\org\netbeans\api\org-netbeans-api-search\RELEASE122\org-netbeans-api-search-RELEASE122.jar;C:\Users\MAMALONA\.m2\repository\org\netbeans\modules\org-netbeans-core-ui\RELEASE122\org-netbeans-core-ui-RELEASE122.jar;C:\Users\MAMALONA\.m2\repository\org\netbeans\modules\org-netbeans-modules-parsing-lucene\RELEASE122\org-netbeans-modules-parsing-lucene-RELEASE122.jar;C:\Users\MAMALONA\.m2\repository\org\netbeans\modules\org-netbeans-modules-masterfs\RELEASE122\org-netbeans-modules-masterfs-RELEASE122.jar;C:\Users\MAMALONA\.m2\repository\org\netbeans\api\org-netbeans-modules-projectuiapi-base\RELEASE122\org-netbeans-modules-projectuiapi-base-RELEASE122.jar;C:\Users\MAMALONA\.m2\repository\org\netbeans\api\org-netbeans-spi-quicksearch\RELEASE122\org-netbeans-spi-quicksearch-RELEASE122.jar;C:\Users\MAMALONA\.m2\repository\org\netbeans\api\org-netbeans-modules-options-api\RELEASE122\org-netbeans-modules-options-api-RELEASE122.jar;C:\Users\MAMALONA\.m2\repository\org\netbeans\modules\org-netbeans-core\RELEASE122\org-netbeans-core-RELEASE122.jar;C:\Users\MAMALONA\.m2\repository\org\netbeans\modules\org-netbeans-bootstrap\RELEASE122\org-netbeans-bootstrap-RELEASE122.jar;C:\Users\MAMALONA\.m2\repository\org\netbeans\api\org-netbeans-modules-keyring\RELEASE122\org-netbeans-modules-keyring-RELEASE122.jar;C:\Users\MAMALONA\.m2\repository\org\netbeans\modules\org-netbeans-core-startup\RELEASE122\org-netbeans-core-startup-RELEASE122.jar;C:\Users\MAMALONA\.m2\repository\org\netbeans\api\org-netbeans-libs-asm\RELEASE122\org-netbeans-libs-asm-RELEASE122.jar;C:\Users\MAMALONA\.m2\repository\org\ow2\asm\asm-tree\8.0.1\asm-tree-8.0.1.jar;C:\Users\MAMALONA\.m2\repository\org\ow2\asm\asm-commons\8.0.1\asm-commons-8.0.1.jar;C:\Users\MAMALONA\.m2\repository\org\ow2\asm\asm-analysis\8.0.1\asm-analysis-8.0.1.jar;C:\Users\MAMALONA\.m2\repository\org\netbeans\modules\org-netbeans-core-startup-base\RELEASE122\org-netbeans-core-startup-base-RELEASE122.jar;C:\Users\MAMALONA\.m2\repository\org\netbeans\modules\org-netbeans-modules-options-editor\RELEASE122\org-netbeans-modules-options-editor-RELEASE122.jar;C:\Users\MAMALONA\.m2\repository\org\netbeans\api\org-netbeans-modules-parsing-api\RELEASE122\org-netbeans-modules-parsing-api-RELEASE122.jar;C:\Users\MAMALONA\.m2\repository\org\netbeans\api\org-netbeans-modules-parsing-indexing\RELEASE122\org-netbeans-modules-parsing-indexing-RELEASE122.jar;C:\Users\MAMALONA\.m2\repository\org\netbeans\modules\org-netbeans-modules-project-indexingbridge\RELEASE122\org-netbeans-modules-project-indexingbridge-RELEASE122.jar;C:\Users\MAMALONA\.m2\repository\org\netbeans\api\org-netbeans-modules-projectapi\RELEASE122\org-netbeans-modules-projectapi-RELEASE122.jar;C:\Users\MAMALONA\.m2\repository\org\netbeans\api\org-netbeans-modules-refactoring-api\RELEASE122\org-netbeans-modules-refactoring-api-RELEASE122.jar;C:\Users\MAMALONA\.m2\repository\org\netbeans\api\org-netbeans-spi-editor-hints\RELEASE122\org-netbeans-spi-editor-hints-RELEASE122.jar;C:\Users\MAMALONA\.m2\repository\org\netbeans\api\org-netbeans-spi-tasklist\RELEASE122\org-netbeans-spi-tasklist-RELEASE122.jar;C:\Users\MAMALONA\.m2\repository\org\netbeans\api\org-openide-dialogs\RELEASE122\org-openide-dialogs-RELEASE122.jar;C:\Users\MAMALONA\.m2\repository\org\netbeans\api\org-netbeans-modules-csl-types\RELEASE122\org-netbeans-modules-csl-types-RELEASE122.jar;C:\Users\MAMALONA\.m2\repository\org\netbeans\api\org-netbeans-modules-editor\RELEASE122\org-netbeans-modules-editor-RELEASE122.jar;C:\Users\MAMALONA\.m2\repository\org\netbeans\modules\org-netbeans-modules-editor-fold-nbui\RELEASE122\org-netbeans-modules-editor-fold-nbui-RELEASE122.jar;C:\Users\MAMALONA\.m2\repository\org\netbeans\api\org-netbeans-modules-editor-guards\RELEASE122\org-netbeans-modules-editor-guards-RELEASE122.jar;C:\Users\MAMALONA\.m2\repository\org\netbeans\api\org-openide-filesystems-nb\RELEASE122\org-openide-filesystems-nb-RELEASE122.jar;C:\Users\MAMALONA\.m2\repository\org\netbeans\api\org-netbeans-modules-editor-bracesmatching\RELEASE122\org-netbeans-modules-editor-bracesmatching-RELEASE122.jar;C:\Users\MAMALONA\.m2\repository\org\netbeans\modules\org-netbeans-modules-editor-breadcrumbs\RELEASE122\org-netbeans-modules-editor-breadcrumbs-RELEASE122.jar;C:\Users\MAMALONA\.m2\repository\org\netbeans\api\org-netbeans-modules-editor-completion\RELEASE122\org-netbeans-modules-editor-completion-RELEASE122.jar;C:\Users\MAMALONA\.m2\repository\org\netbeans\api\org-netbeans-modules-sampler\RELEASE122\org-netbeans-modules-sampler-RELEASE122.jar;C:\Users\MAMALONA\.m2\repository\org\netbeans\api\org-netbeans-modules-editor-deprecated-pre65formatting\RELEASE122\org-netbeans-modules-editor-deprecated-pre65formatting-RELEASE122.jar;C:\Users\MAMALONA\.m2\repository\org\netbeans\api\org-netbeans-modules-editor-document\RELEASE122\org-netbeans-modules-editor-document-RELEASE122.jar;C:\Users\MAMALONA\.m2\repository\org\netbeans\api\org-netbeans-modules-editor-fold\RELEASE122\org-netbeans-modules-editor-fold-RELEASE122.jar;C:\Users\MAMALONA\.m2\repository\org\netbeans\api\org-netbeans-modules-editor-indent\RELEASE122\org-netbeans-modules-editor-indent-RELEASE122.jar;C:\Users\MAMALONA\.m2\repository\org\netbeans\api\org-netbeans-modules-editor-indent-support\RELEASE122\org-netbeans-modules-editor-indent-support-RELEASE122.jar;C:\Users\MAMALONA\.m2\repository\org\netbeans\api\org-netbeans-modules-editor-lib\RELEASE122\org-netbeans-modules-editor-lib-RELEASE122.jar;C:\Users\MAMALONA\.m2\repository\org\netbeans\api\org-netbeans-modules-editor-lib2\RELEASE122\org-netbeans-modules-editor-lib2-RELEASE122.jar;C:\Users\MAMALONA\.m2\repository\org\netbeans\api\org-netbeans-modules-editor-mimelookup\RELEASE122\org-netbeans-modules-editor-mimelookup-RELEASE122.jar;C:\Users\MAMALONA\.m2\repository\org\netbeans\api\org-netbeans-modules-editor-settings\RELEASE122\org-netbeans-modules-editor-settings-RELEASE122.jar;C:\Users\MAMALONA\.m2\repository\org\netbeans\modules\org-netbeans-modules-editor-structure\RELEASE122\org-netbeans-modules-editor-structure-RELEASE122.jar;C:\Users\MAMALONA\.m2\repository\org\netbeans\api\org-netbeans-modules-editor-util\RELEASE122\org-netbeans-modules-editor-util-RELEASE122.jar;C:\Users\MAMALONA\.m2\repository\org\netbeans\api\org-netbeans-modules-lexer\RELEASE122\org-netbeans-modules-lexer-RELEASE122.jar;C:\Users\MAMALONA\.m2\repository\org\netbeans\api\org-netbeans-modules-queries\RELEASE122\org-netbeans-modules-queries-RELEASE122.jar;C:\Users\MAMALONA\.m2\repository\org\netbeans\api\org-netbeans-modules-xml-core\RELEASE122\org-netbeans-modules-xml-core-RELEASE122.jar;C:\Users\MAMALONA\.m2\repository\org\netbeans\api\org-netbeans-modules-xml-lexer\RELEASE122\org-netbeans-modules-xml-lexer-RELEASE122.jar;C:\Users\MAMALONA\.m2\repository\org\netbeans\api\org-netbeans-spi-navigator\RELEASE122\org-netbeans-spi-navigator-RELEASE122.jar;C:\Users\MAMALONA\.m2\repository\org\netbeans\api\org-netbeans-swing-plaf\RELEASE122\org-netbeans-swing-plaf-RELEASE122.jar;C:\Users\MAMALONA\.m2\repository\org\netbeans\api\org-openide-actions\RELEASE122\org-openide-actions-RELEASE122.jar;C:\Users\MAMALONA\.m2\repository\org\netbeans\api\org-openide-awt\RELEASE122\org-openide-awt-RELEASE122.jar;C:\Users\MAMALONA\.m2\repository\org\netbeans\api\org-openide-explorer\RELEASE122\org-openide-explorer-RELEASE122.jar;C:\Users\MAMALONA\.m2\repository\org\netbeans\api\org-netbeans-swing-outline\RELEASE122\org-netbeans-swing-outline-RELEASE122.jar;C:\Users\MAMALONA\.m2\repository\org\netbeans\api\org-netbeans-swing-tabcontrol\RELEASE122\org-netbeans-swing-tabcontrol-RELEASE122.jar;C:\Users\MAMALONA\.m2\repository\org\netbeans\api\org-openide-filesystems\RELEASE122\org-openide-filesystems-RELEASE122.jar;C:\Users\MAMALONA\.m2\repository\org\netbeans\api\org-openide-loaders\RELEASE122\org-openide-loaders-RELEASE122.jar;C:\Users\MAMALONA\.m2\repository\org\netbeans\api\org-netbeans-api-scripting\RELEASE122\org-netbeans-api-scripting-RELEASE122.jar;C:\Users\MAMALONA\.m2\repository\org\netbeans\api\org-netbeans-api-templates\RELEASE122\org-netbeans-api-templates-RELEASE122.jar;C:\Users\MAMALONA\.m2\repository\org\netbeans\api\org-openide-modules\RELEASE122\org-openide-modules-RELEASE122.jar;C:\Users\MAMALONA\.m2\repository\org\netbeans\api\org-openide-nodes\RELEASE122\org-openide-nodes-RELEASE122.jar;C:\Users\MAMALONA\.m2\repository\org\netbeans\api\org-openide-text\RELEASE122\org-openide-text-RELEASE122.jar;C:\Users\MAMALONA\.m2\repository\org\netbeans\api\org-openide-util\RELEASE122\org-openide-util-RELEASE122.jar;C:\Users\MAMALONA\.m2\repository\org\netbeans\api\org-openide-util-lookup\RELEASE122\org-openide-util-lookup-RELEASE122.jar;C:\Users\MAMALONA\.m2\repository\org\netbeans\api\org-openide-util-ui\RELEASE122\org-openide-util-ui-RELEASE122.jar;C:\Users\MAMALONA\.m2\repository\org\netbeans\api\org-openide-windows\RELEASE122\org-openide-windows-RELEASE122.jar;C:\Users\MAMALONA\.m2\repository\org\eclipse\persistence\org.eclipse.persistence.core\2.7.10\org.eclipse.persistence.core-2.7.10.jar;C:\Users\MAMALONA\.m2\repository\org\eclipse\persistence\org.eclipse.persistence.asm\9.2.0\org.eclipse.persistence.asm-9.2.0.jar;C:\Users\MAMALONA\.m2\repository\org\eclipse\persistence\org.eclipse.persistence.antlr\2.7.10\org.eclipse.persistence.antlr-2.7.10.jar;C:\Users\MAMALONA\.m2\repository\org\eclipse\persistence\org.eclipse.persistence.jpa\2.7.10\org.eclipse.persistence.jpa-2.7.10.jar;C:\Users\MAMALONA\.m2\repository\org\eclipse\persistence\jakarta.persistence\2.2.3\jakarta.persistence-2.2.3.jar;C:\Users\MAMALONA\.m2\repository\org\eclipse\persistence\org.eclipse.persistence.jpa.jpql\2.7.10\org.eclipse.persistence.jpa.jpql-2.7.10.jar;C:\Users\MAMALONA\.m2\repository\org\eclipse\persistence\org.eclipse.persistence.moxy\2.7.10\org.eclipse.persistence.moxy-2.7.10.jar;C:\Users\MAMALONA\.m2\repository\org\apache\velocity\velocity\1.7\velocity-1.7.jar;C:\Users\MAMALONA\.m2\repository\commons-collections\commons-collections\3.2.1\commons-collections-3.2.1.jar;C:\Users\MAMALONA\.m2\repository\commons-lang\commons-lang\2.4\commons-lang-2.4.jar;C:\Users\MAMALONA\.m2\repository\org\springframework\spring-context-support\5.3.18\spring-context-support-5.3.18.jar;"/>
    <property name="java.vm.vendor" value="Oracle Corporation"/>
    <property name="sun.arch.data.model" value="64"/>
    <property name="user.variant" value=""/>
    <property name="java.vendor.url" value="https://java.oracle.com/"/>
    <property name="user.timezone" value="America/Buenos_Aires"/>
    <property name="os.name" value="Windows 10"/>
    <property name="java.vm.specification.version" value="19"/>
    <property name="user.country" value="AR"/>
    <property name="sun.java.launcher" value="SUN_STANDARD"/>
    <property name="sun.boot.library.path" value="C:\Program Files\Java\jdk-19\bin"/>
    <property name="sun.java.command" value="C:\Users\MAMALONA\AppData\Local\Temp\surefire6513394468758268439\surefirebooter15724278582208928561.jar C:\Users\MAMALONA\AppData\Local\Temp\surefire6513394468758268439 2023-02-13T14-23-37_615-jvmRun1 surefire8194119963796918701tmp surefire_011284307003269207295tmp"/>
    <property name="jdk.debug" value="release"/>
    <property name="surefire.test.class.path" value="C:\Programacion\ArgentinaPrograma\Portfolio-BackEnd\target\test-classes;C:\Programacion\ArgentinaPrograma\Portfolio-BackEnd\target\classes;C:\Users\MAMALONA\.m2\repository\org\apache\httpcomponents\client5\httpclient5-fluent\5.1.3\httpclient5-fluent-5.1.3.jar;C:\Users\MAMALONA\.m2\repository\org\apache\httpcomponents\client5\httpclient5\5.1.3\httpclient5-5.1.3.jar;C:\Users\MAMALONA\.m2\repository\org\apache\httpcomponents\core5\httpcore5\5.1.3\httpcore5-5.1.3.jar;C:\Users\MAMALONA\.m2\repository\org\apache\httpcomponents\core5\httpcore5-h2\5.1.3\httpcore5-h2-5.1.3.jar;C:\Users\MAMALONA\.m2\repository\commons-codec\commons-codec\1.15\commons-codec-1.15.jar;C:\Users\MAMALONA\.m2\repository\org\slf4j\slf4j-api\1.7.36\slf4j-api-1.7.36.jar;C:\Users\MAMALONA\.m2\repository\org\springframework\boot\spring-boot-starter-data-jpa\2.6.7\spring-boot-starter-data-jpa-2.6.7.jar;C:\Users\MAMALONA\.m2\repository\org\springframework\boot\spring-boot-starter-aop\2.6.7\spring-boot-starter-aop-2.6.7.jar;C:\Users\MAMALONA\.m2\repository\org\aspectj\aspectjweaver\1.9.7\aspectjweaver-1.9.7.jar;C:\Users\MAMALONA\.m2\repository\org\springframework\boot\spring-boot-starter-jdbc\2.6.7\spring-boot-starter-jdbc-2.6.7.jar;C:\Users\MAMALONA\.m2\repository\com\zaxxer\HikariCP\4.0.3\HikariCP-4.0.3.jar;C:\Users\MAMALONA\.m2\repository\org\springframework\spring-jdbc\5.3.19\spring-jdbc-5.3.19.jar;C:\Users\MAMALONA\.m2\repository\jakarta\transaction\jakarta.transaction-api\1.3.3\jakarta.transaction-api-1.3.3.jar;C:\Users\MAMALONA\.m2\repository\jakarta\persistence\jakarta.persistence-api\2.2.3\jakarta.persistence-api-2.2.3.jar;C:\Users\MAMALONA\.m2\repository\org\hibernate\hibernate-core\5.6.8.Final\hibernate-core-5.6.8.Final.jar;C:\Users\MAMALONA\.m2\repository\org\jboss\logging\jboss-logging\3.4.3.Final\jboss-logging-3.4.3.Final.jar;C:\Users\MAMALONA\.m2\repository\net\bytebuddy\byte-buddy\1.11.22\byte-buddy-1.11.22.jar;C:\Users\MAMALONA\.m2\repository\antlr\antlr\2.7.7\antlr-2.7.7.jar;C:\Users\MAMALONA\.m2\repository\org\jboss\jandex\2.4.2.Final\jandex-2.4.2.Final.jar;C:\Users\MAMALONA\.m2\repository\com\fasterxml\classmate\1.5.1\classmate-1.5.1.jar;C:\Users\MAMALONA\.m2\repository\org\hibernate\common\hibernate-commons-annotations\5.1.2.Final\hibernate-commons-annotations-5.1.2.Final.jar;C:\Users\MAMALONA\.m2\repository\org\glassfish\jaxb\jaxb-runtime\2.3.6\jaxb-runtime-2.3.6.jar;C:\Users\MAMALONA\.m2\repository\org\glassfish\jaxb\txw2\2.3.6\txw2-2.3.6.jar;C:\Users\MAMALONA\.m2\repository\com\sun\istack\istack-commons-runtime\3.0.12\istack-commons-runtime-3.0.12.jar;C:\Users\MAMALONA\.m2\repository\com\sun\activation\jakarta.activation\1.2.2\jakarta.activation-1.2.2.jar;C:\Users\MAMALONA\.m2\repository\org\springframework\data\spring-data-jpa\2.6.4\spring-data-jpa-2.6.4.jar;C:\Users\MAMALONA\.m2\repository\org\springframework\data\spring-data-commons\2.6.4\spring-data-commons-2.6.4.jar;C:\Users\MAMALONA\.m2\repository\org\springframework\spring-orm\5.3.19\spring-orm-5.3.19.jar;C:\Users\MAMALONA\.m2\repository\org\springframework\spring-tx\5.3.19\spring-tx-5.3.19.jar;C:\Users\MAMALONA\.m2\repository\org\springframework\spring-aspects\5.3.19\spring-aspects-5.3.19.jar;C:\Users\MAMALONA\.m2\repository\org\springframework\boot\spring-boot-starter-web\2.6.7\spring-boot-starter-web-2.6.7.jar;C:\Users\MAMALONA\.m2\repository\org\springframework\boot\spring-boot-starter\2.6.7\spring-boot-starter-2.6.7.jar;C:\Users\MAMALONA\.m2\repository\org\springframework\boot\spring-boot\2.6.7\spring-boot-2.6.7.jar;C:\Users\MAMALONA\.m2\repository\org\springframework\boot\spring-boot-autoconfigure\2.6.7\spring-boot-autoconfigure-2.6.7.jar;C:\Users\MAMALONA\.m2\repository\org\springframework\boot\spring-boot-starter-logging\2.6.7\spring-boot-starter-logging-2.6.7.jar;C:\Users\MAMALONA\.m2\repository\ch\qos\logback\logback-classic\1.2.11\logback-classic-1.2.11.jar;C:\Users\MAMALONA\.m2\repository\ch\qos\logback\logback-core\1.2.11\logback-core-1.2.11.jar;C:\Users\MAMALONA\.m2\repository\org\apache\logging\log4j\log4j-to-slf4j\2.17.2\log4j-to-slf4j-2.17.2.jar;C:\Users\MAMALONA\.m2\repository\org\apache\logging\log4j\log4j-api\2.17.2\log4j-api-2.17.2.jar;C:\Users\MAMALONA\.m2\repository\org\slf4j\jul-to-slf4j\1.7.36\jul-to-slf4j-1.7.36.jar;C:\Users\MAMALONA\.m2\repository\jakarta\annotation\jakarta.annotation-api\1.3.5\jakarta.annotation-api-1.3.5.jar;C:\Users\MAMALONA\.m2\repository\org\yaml\snakeyaml\1.29\snakeyaml-1.29.jar;C:\Users\MAMALONA\.m2\repository\org\springframework\boot\spring-boot-starter-json\2.6.7\spring-boot-starter-json-2.6.7.jar;C:\Users\MAMALONA\.m2\repository\com\fasterxml\jackson\datatype\jackson-datatype-jdk8\2.13.2\jackson-datatype-jdk8-2.13.2.jar;C:\Users\MAMALONA\.m2\repository\com\fasterxml\jackson\datatype\jackson-datatype-jsr310\2.13.2\jackson-datatype-jsr310-2.13.2.jar;C:\Users\MAMALONA\.m2\repository\com\fasterxml\jackson\module\jackson-module-parameter-names\2.13.2\jackson-module-parameter-names-2.13.2.jar;C:\Users\MAMALONA\.m2\repository\org\springframework\boot\spring-boot-starter-tomcat\2.6.7\spring-boot-starter-tomcat-2.6.7.jar;C:\Users\MAMALONA\.m2\repository\org\apache\tomcat\embed\tomcat-embed-core\9.0.62\tomcat-embed-core-9.0.62.jar;C:\Users\MAMALONA\.m2\repository\org\apache\tomcat\embed\tomcat-embed-websocket\9.0.62\tomcat-embed-websocket-9.0.62.jar;C:\Users\MAMALONA\.m2\repository\org\springframework\spring-web\5.3.19\spring-web-5.3.19.jar;C:\Users\MAMALONA\.m2\repository\org\springframework\spring-webmvc\5.3.19\spring-webmvc-5.3.19.jar;C:\Users\MAMALONA\.m2\repository\mysql\mysql-connector-java\8.0.28\mysql-connector-java-8.0.28.jar;C:\Users\MAMALONA\.m2\repository\org\springframework\boot\spring-boot-starter-test\2.6.7\spring-boot-starter-test-2.6.7.jar;C:\Users\MAMALONA\.m2\repository\org\springframework\boot\spring-boot-test\2.6.7\spring-boot-test-2.6.7.jar;C:\Users\MAMALONA\.m2\repository\org\springframework\boot\spring-boot-test-autoconfigure\2.6.7\spring-boot-test-autoconfigure-2.6.7.jar;C:\Users\MAMALONA\.m2\repository\com\jayway\jsonpath\json-path\2.6.0\json-path-2.6.0.jar;C:\Users\MAMALONA\.m2\repository\net\minidev\json-smart\2.4.8\json-smart-2.4.8.jar;C:\Users\MAMALONA\.m2\repository\net\minidev\accessors-smart\2.4.8\accessors-smart-2.4.8.jar;C:\Users\MAMALONA\.m2\repository\org\ow2\asm\asm\9.1\asm-9.1.jar;C:\Users\MAMALONA\.m2\repository\jakarta\xml\bind\jakarta.xml.bind-api\2.3.3\jakarta.xml.bind-api-2.3.3.jar;C:\Users\MAMALONA\.m2\repository\jakarta\activation\jakarta.activation-api\1.2.2\jakarta.activation-api-1.2.2.jar;C:\Users\MAMALONA\.m2\repository\org\assertj\assertj-core\3.21.0\assertj-core-3.21.0.jar;C:\Users\MAMALONA\.m2\repository\org\hamcrest\hamcrest\2.2\hamcrest-2.2.jar;C:\Users\MAMALONA\.m2\repository\org\junit\jupiter\junit-jupiter\5.8.2\junit-jupiter-5.8.2.jar;C:\Users\MAMALONA\.m2\repository\org\junit\jupiter\junit-jupiter-api\5.8.2\junit-jupiter-api-5.8.2.jar;C:\Users\MAMALONA\.m2\repository\org\opentest4j\opentest4j\1.2.0\opentest4j-1.2.0.jar;C:\Users\MAMALONA\.m2\repository\org\junit\platform\junit-platform-commons\1.8.2\junit-platform-commons-1.8.2.jar;C:\Users\MAMALONA\.m2\repository\org\apiguardian\apiguardian-api\1.1.2\apiguardian-api-1.1.2.jar;C:\Users\MAMALONA\.m2\repository\org\junit\jupiter\junit-jupiter-params\5.8.2\junit-jupiter-params-5.8.2.jar;C:\Users\MAMALONA\.m2\repository\org\junit\jupiter\junit-jupiter-engine\5.8.2\junit-jupiter-engine-5.8.2.jar;C:\Users\MAMALONA\.m2\repository\org\junit\platform\junit-platform-engine\1.8.2\junit-platform-engine-1.8.2.jar;C:\Users\MAMALONA\.m2\repository\org\mockito\mockito-core\4.0.0\mockito-core-4.0.0.jar;C:\Users\MAMALONA\.m2\repository\net\bytebuddy\byte-buddy-agent\1.11.22\byte-buddy-agent-1.11.22.jar;C:\Users\MAMALONA\.m2\repository\org\objenesis\objenesis\3.2\objenesis-3.2.jar;C:\Users\MAMALONA\.m2\repository\org\mockito\mockito-junit-jupiter\4.0.0\mockito-junit-jupiter-4.0.0.jar;C:\Users\MAMALONA\.m2\repository\org\skyscreamer\jsonassert\1.5.0\jsonassert-1.5.0.jar;C:\Users\MAMALONA\.m2\repository\com\vaadin\external\google\android-json\0.0.20131108.vaadin1\android-json-0.0.20131108.vaadin1.jar;C:\Users\MAMALONA\.m2\repository\org\springframework\spring-test\5.3.19\spring-test-5.3.19.jar;C:\Users\MAMALONA\.m2\repository\org\xmlunit\xmlunit-core\2.8.4\xmlunit-core-2.8.4.jar;C:\Users\MAMALONA\.m2\repository\org\springframework\spring-core\5.3.19\spring-core-5.3.19.jar;C:\Users\MAMALONA\.m2\repository\org\springframework\spring-jcl\5.3.19\spring-jcl-5.3.19.jar;C:\Users\MAMALONA\.m2\repository\org\springframework\boot\spring-boot-starter-security\2.6.7\spring-boot-starter-security-2.6.7.jar;C:\Users\MAMALONA\.m2\repository\org\springframework\spring-aop\5.3.19\spring-aop-5.3.19.jar;C:\Users\MAMALONA\.m2\repository\org\springframework\security\spring-security-config\5.6.3\spring-security-config-5.6.3.jar;C:\Users\MAMALONA\.m2\repository\org\springframework\security\spring-security-web\5.6.3\spring-security-web-5.6.3.jar;C:\Users\MAMALONA\.m2\repository\org\springframework\security\spring-security-core\5.6.3\spring-security-core-5.6.3.jar;C:\Users\MAMALONA\.m2\repository\org\springframework\security\spring-security-crypto\5.6.3\spring-security-crypto-5.6.3.jar;C:\Users\MAMALONA\.m2\repository\org\springframework\spring-beans\5.3.19\spring-beans-5.3.19.jar;C:\Users\MAMALONA\.m2\repository\org\springframework\spring-context\5.3.19\spring-context-5.3.19.jar;C:\Users\MAMALONA\.m2\repository\org\springframework\spring-expression\5.3.19\spring-expression-5.3.19.jar;C:\Users\MAMALONA\.m2\repository\io\jsonwebtoken\jjwt\0.9.1\jjwt-0.9.1.jar;C:\Users\MAMALONA\.m2\repository\com\fasterxml\jackson\core\jackson-databind\2.13.2.1\jackson-databind-2.13.2.1.jar;C:\Users\MAMALONA\.m2\repository\com\fasterxml\jackson\core\jackson-annotations\2.13.2\jackson-annotations-2.13.2.jar;C:\Users\MAMALONA\.m2\repository\com\fasterxml\jackson\core\jackson-core\2.13.2\jackson-core-2.13.2.jar;C:\Users\MAMALONA\.m2\repository\org\springframework\boot\spring-boot-starter-validation\2.6.7\spring-boot-starter-validation-2.6.7.jar;C:\Users\MAMALONA\.m2\repository\org\apache\tomcat\embed\tomcat-embed-el\9.0.62\tomcat-embed-el-9.0.62.jar;C:\Users\MAMALONA\.m2\repository\org\hibernate\validator\hibernate-validator\6.2.3.Final\hibernate-validator-6.2.3.Final.jar;C:\Users\MAMALONA\.m2\repository\jakarta\validation\jakarta.validation-api\2.0.2\jakarta.validation-api-2.0.2.jar;C:\Users\MAMALONA\.m2\repository\org\netbeans\modules\org-netbeans-modules-xml-text\RELEASE122\org-netbeans-modules-xml-text-RELEASE122.jar;C:\Users\MAMALONA\.m2\repository\org\netbeans\api\org-netbeans-api-annotations-common\RELEASE122\org-netbeans-api-annotations-common-RELEASE122.jar;C:\Users\MAMALONA\.m2\repository\org\netbeans\api\org-netbeans-api-progress\RELEASE122\org-netbeans-api-progress-RELEASE122.jar;C:\Users\MAMALONA\.m2\repository\org\netbeans\api\org-netbeans-api-xml\RELEASE122\org-netbeans-api-xml-RELEASE122.jar;C:\Users\MAMALONA\.m2\repository\org\netbeans\api\org-netbeans-modules-csl-api\RELEASE122\org-netbeans-modules-csl-api-RELEASE122.jar;C:\Users\MAMALONA\.m2\repository\org\netbeans\api\org-netbeans-api-java-classpath\RELEASE122\org-netbeans-api-java-classpath-RELEASE122.jar;C:\Users\MAMALONA\.m2\repository\org\netbeans\api\org-netbeans-api-progress-nb\RELEASE122\org-netbeans-api-progress-nb-RELEASE122.jar;C:\Users\MAMALONA\.m2\repository\org\netbeans\api\org-netbeans-core-multiview\RELEASE122\org-netbeans-core-multiview-RELEASE122.jar;C:\Users\MAMALONA\.m2\repository\org\netbeans\api\org-netbeans-libs-lucene\RELEASE122\org-netbeans-libs-lucene-RELEASE122.jar;C:\Users\MAMALONA\.m2\repository\org\apache\lucene\lucene-core\3.6.2\lucene-core-3.6.2.jar;C:\Users\MAMALONA\.m2\repository\org\netbeans\api\org-netbeans-modules-diff\RELEASE122\org-netbeans-modules-diff-RELEASE122.jar;C:\Users\MAMALONA\.m2\repository\org\netbeans\api\org-openide-io\RELEASE122\org-openide-io-RELEASE122.jar;C:\Users\MAMALONA\.m2\repository\org\netbeans\api\org-netbeans-api-intent\RELEASE122\org-netbeans-api-intent-RELEASE122.jar;C:\Users\MAMALONA\.m2\repository\org\netbeans\api\org-netbeans-api-io\RELEASE122\org-netbeans-api-io-RELEASE122.jar;C:\Users\MAMALONA\.m2\repository\org\netbeans\modules\org-netbeans-modules-editor-actions\RELEASE122\org-netbeans-modules-editor-actions-RELEASE122.jar;C:\Users\MAMALONA\.m2\repository\org\netbeans\api\org-netbeans-modules-editor-codetemplates\RELEASE122\org-netbeans-modules-editor-codetemplates-RELEASE122.jar;C:\Users\MAMALONA\.m2\repository\org\netbeans\modules\org-netbeans-modules-editor-errorstripe\RELEASE122\org-netbeans-modules-editor-errorstripe-RELEASE122.jar;C:\Users\MAMALONA\.m2\repository\org\netbeans\api\org-netbeans-modules-editor-errorstripe-api\RELEASE122\org-netbeans-modules-editor-errorstripe-api-RELEASE122.jar;C:\Users\MAMALONA\.m2\repository\org\netbeans\api\org-netbeans-modules-editor-settings-lib\RELEASE122\org-netbeans-modules-editor-settings-lib-RELEASE122.jar;C:\Users\MAMALONA\.m2\repository\org\netbeans\modules\org-netbeans-modules-editor-settings-storage\RELEASE122\org-netbeans-modules-editor-settings-storage-RELEASE122.jar;C:\Users\MAMALONA\.m2\repository\org\netbeans\modules\org-netbeans-modules-options-keymap\RELEASE122\org-netbeans-modules-options-keymap-RELEASE122.jar;C:\Users\MAMALONA\.m2\repository\org\netbeans\api\org-netbeans-modules-jumpto\RELEASE122\org-netbeans-modules-jumpto-RELEASE122.jar;C:\Users\MAMALONA\.m2\repository\org\netbeans\api\org-netbeans-api-search\RELEASE122\org-netbeans-api-search-RELEASE122.jar;C:\Users\MAMALONA\.m2\repository\org\netbeans\modules\org-netbeans-core-ui\RELEASE122\org-netbeans-core-ui-RELEASE122.jar;C:\Users\MAMALONA\.m2\repository\org\netbeans\modules\org-netbeans-modules-parsing-lucene\RELEASE122\org-netbeans-modules-parsing-lucene-RELEASE122.jar;C:\Users\MAMALONA\.m2\repository\org\netbeans\modules\org-netbeans-modules-masterfs\RELEASE122\org-netbeans-modules-masterfs-RELEASE122.jar;C:\Users\MAMALONA\.m2\repository\org\netbeans\api\org-netbeans-modules-projectuiapi-base\RELEASE122\org-netbeans-modules-projectuiapi-base-RELEASE122.jar;C:\Users\MAMALONA\.m2\repository\org\netbeans\api\org-netbeans-spi-quicksearch\RELEASE122\org-netbeans-spi-quicksearch-RELEASE122.jar;C:\Users\MAMALONA\.m2\repository\org\netbeans\api\org-netbeans-modules-options-api\RELEASE122\org-netbeans-modules-options-api-RELEASE122.jar;C:\Users\MAMALONA\.m2\repository\org\netbeans\modules\org-netbeans-core\RELEASE122\org-netbeans-core-RELEASE122.jar;C:\Users\MAMALONA\.m2\repository\org\netbeans\modules\org-netbeans-bootstrap\RELEASE122\org-netbeans-bootstrap-RELEASE122.jar;C:\Users\MAMALONA\.m2\repository\org\netbeans\api\org-netbeans-modules-keyring\RELEASE122\org-netbeans-modules-keyring-RELEASE122.jar;C:\Users\MAMALONA\.m2\repository\org\netbeans\modules\org-netbeans-core-startup\RELEASE122\org-netbeans-core-startup-RELEASE122.jar;C:\Users\MAMALONA\.m2\repository\org\netbeans\api\org-netbeans-libs-asm\RELEASE122\org-netbeans-libs-asm-RELEASE122.jar;C:\Users\MAMALONA\.m2\repository\org\ow2\asm\asm-tree\8.0.1\asm-tree-8.0.1.jar;C:\Users\MAMALONA\.m2\repository\org\ow2\asm\asm-commons\8.0.1\asm-commons-8.0.1.jar;C:\Users\MAMALONA\.m2\repository\org\ow2\asm\asm-analysis\8.0.1\asm-analysis-8.0.1.jar;C:\Users\MAMALONA\.m2\repository\org\netbeans\modules\org-netbeans-core-startup-base\RELEASE122\org-netbeans-core-startup-base-RELEASE122.jar;C:\Users\MAMALONA\.m2\repository\org\netbeans\modules\org-netbeans-modules-options-editor\RELEASE122\org-netbeans-modules-options-editor-RELEASE122.jar;C:\Users\MAMALONA\.m2\repository\org\netbeans\api\org-netbeans-modules-parsing-api\RELEASE122\org-netbeans-modules-parsing-api-RELEASE122.jar;C:\Users\MAMALONA\.m2\repository\org\netbeans\api\org-netbeans-modules-parsing-indexing\RELEASE122\org-netbeans-modules-parsing-indexing-RELEASE122.jar;C:\Users\MAMALONA\.m2\repository\org\netbeans\modules\org-netbeans-modules-project-indexingbridge\RELEASE122\org-netbeans-modules-project-indexingbridge-RELEASE122.jar;C:\Users\MAMALONA\.m2\repository\org\netbeans\api\org-netbeans-modules-projectapi\RELEASE122\org-netbeans-modules-projectapi-RELEASE122.jar;C:\Users\MAMALONA\.m2\repository\org\netbeans\api\org-netbeans-modules-refactoring-api\RELEASE122\org-netbeans-modules-refactoring-api-RELEASE122.jar;C:\Users\MAMALONA\.m2\repository\org\netbeans\api\org-netbeans-spi-editor-hints\RELEASE122\org-netbeans-spi-editor-hints-RELEASE122.jar;C:\Users\MAMALONA\.m2\repository\org\netbeans\api\org-netbeans-spi-tasklist\RELEASE122\org-netbeans-spi-tasklist-RELEASE122.jar;C:\Users\MAMALONA\.m2\repository\org\netbeans\api\org-openide-dialogs\RELEASE122\org-openide-dialogs-RELEASE122.jar;C:\Users\MAMALONA\.m2\repository\org\netbeans\api\org-netbeans-modules-csl-types\RELEASE122\org-netbeans-modules-csl-types-RELEASE122.jar;C:\Users\MAMALONA\.m2\repository\org\netbeans\api\org-netbeans-modules-editor\RELEASE122\org-netbeans-modules-editor-RELEASE122.jar;C:\Users\MAMALONA\.m2\repository\org\netbeans\modules\org-netbeans-modules-editor-fold-nbui\RELEASE122\org-netbeans-modules-editor-fold-nbui-RELEASE122.jar;C:\Users\MAMALONA\.m2\repository\org\netbeans\api\org-netbeans-modules-editor-guards\RELEASE122\org-netbeans-modules-editor-guards-RELEASE122.jar;C:\Users\MAMALONA\.m2\repository\org\netbeans\api\org-openide-filesystems-nb\RELEASE122\org-openide-filesystems-nb-RELEASE122.jar;C:\Users\MAMALONA\.m2\repository\org\netbeans\api\org-netbeans-modules-editor-bracesmatching\RELEASE122\org-netbeans-modules-editor-bracesmatching-RELEASE122.jar;C:\Users\MAMALONA\.m2\repository\org\netbeans\modules\org-netbeans-modules-editor-breadcrumbs\RELEASE122\org-netbeans-modules-editor-breadcrumbs-RELEASE122.jar;C:\Users\MAMALONA\.m2\repository\org\netbeans\api\org-netbeans-modules-editor-completion\RELEASE122\org-netbeans-modules-editor-completion-RELEASE122.jar;C:\Users\MAMALONA\.m2\repository\org\netbeans\api\org-netbeans-modules-sampler\RELEASE122\org-netbeans-modules-sampler-RELEASE122.jar;C:\Users\MAMALONA\.m2\repository\org\netbeans\api\org-netbeans-modules-editor-deprecated-pre65formatting\RELEASE122\org-netbeans-modules-editor-deprecated-pre65formatting-RELEASE122.jar;C:\Users\MAMALONA\.m2\repository\org\netbeans\api\org-netbeans-modules-editor-document\RELEASE122\org-netbeans-modules-editor-document-RELEASE122.jar;C:\Users\MAMALONA\.m2\repository\org\netbeans\api\org-netbeans-modules-editor-fold\RELEASE122\org-netbeans-modules-editor-fold-RELEASE122.jar;C:\Users\MAMALONA\.m2\repository\org\netbeans\api\org-netbeans-modules-editor-indent\RELEASE122\org-netbeans-modules-editor-indent-RELEASE122.jar;C:\Users\MAMALONA\.m2\repository\org\netbeans\api\org-netbeans-modules-editor-indent-support\RELEASE122\org-netbeans-modules-editor-indent-support-RELEASE122.jar;C:\Users\MAMALONA\.m2\repository\org\netbeans\api\org-netbeans-modules-editor-lib\RELEASE122\org-netbeans-modules-editor-lib-RELEASE122.jar;C:\Users\MAMALONA\.m2\repository\org\netbeans\api\org-netbeans-modules-editor-lib2\RELEASE122\org-netbeans-modules-editor-lib2-RELEASE122.jar;C:\Users\MAMALONA\.m2\repository\org\netbeans\api\org-netbeans-modules-editor-mimelookup\RELEASE122\org-netbeans-modules-editor-mimelookup-RELEASE122.jar;C:\Users\MAMALONA\.m2\repository\org\netbeans\api\org-netbeans-modules-editor-settings\RELEASE122\org-netbeans-modules-editor-settings-RELEASE122.jar;C:\Users\MAMALONA\.m2\repository\org\netbeans\modules\org-netbeans-modules-editor-structure\RELEASE122\org-netbeans-modules-editor-structure-RELEASE122.jar;C:\Users\MAMALONA\.m2\repository\org\netbeans\api\org-netbeans-modules-editor-util\RELEASE122\org-netbeans-modules-editor-util-RELEASE122.jar;C:\Users\MAMALONA\.m2\repository\org\netbeans\api\org-netbeans-modules-lexer\RELEASE122\org-netbeans-modules-lexer-RELEASE122.jar;C:\Users\MAMALONA\.m2\repository\org\netbeans\api\org-netbeans-modules-queries\RELEASE122\org-netbeans-modules-queries-RELEASE122.jar;C:\Users\MAMALONA\.m2\repository\org\netbeans\api\org-netbeans-modules-xml-core\RELEASE122\org-netbeans-modules-xml-core-RELEASE122.jar;C:\Users\MAMALONA\.m2\repository\org\netbeans\api\org-netbeans-modules-xml-lexer\RELEASE122\org-netbeans-modules-xml-lexer-RELEASE122.jar;C:\Users\MAMALONA\.m2\repository\org\netbeans\api\org-netbeans-spi-navigator\RELEASE122\org-netbeans-spi-navigator-RELEASE122.jar;C:\Users\MAMALONA\.m2\repository\org\netbeans\api\org-netbeans-swing-plaf\RELEASE122\org-netbeans-swing-plaf-RELEASE122.jar;C:\Users\MAMALONA\.m2\repository\org\netbeans\api\org-openide-actions\RELEASE122\org-openide-actions-RELEASE122.jar;C:\Users\MAMALONA\.m2\repository\org\netbeans\api\org-openide-awt\RELEASE122\org-openide-awt-RELEASE122.jar;C:\Users\MAMALONA\.m2\repository\org\netbeans\api\org-openide-explorer\RELEASE122\org-openide-explorer-RELEASE122.jar;C:\Users\MAMALONA\.m2\repository\org\netbeans\api\org-netbeans-swing-outline\RELEASE122\org-netbeans-swing-outline-RELEASE122.jar;C:\Users\MAMALONA\.m2\repository\org\netbeans\api\org-netbeans-swing-tabcontrol\RELEASE122\org-netbeans-swing-tabcontrol-RELEASE122.jar;C:\Users\MAMALONA\.m2\repository\org\netbeans\api\org-openide-filesystems\RELEASE122\org-openide-filesystems-RELEASE122.jar;C:\Users\MAMALONA\.m2\repository\org\netbeans\api\org-openide-loaders\RELEASE122\org-openide-loaders-RELEASE122.jar;C:\Users\MAMALONA\.m2\repository\org\netbeans\api\org-netbeans-api-scripting\RELEASE122\org-netbeans-api-scripting-RELEASE122.jar;C:\Users\MAMALONA\.m2\repository\org\netbeans\api\org-netbeans-api-templates\RELEASE122\org-netbeans-api-templates-RELEASE122.jar;C:\Users\MAMALONA\.m2\repository\org\netbeans\api\org-openide-modules\RELEASE122\org-openide-modules-RELEASE122.jar;C:\Users\MAMALONA\.m2\repository\org\netbeans\api\org-openide-nodes\RELEASE122\org-openide-nodes-RELEASE122.jar;C:\Users\MAMALONA\.m2\repository\org\netbeans\api\org-openide-text\RELEASE122\org-openide-text-RELEASE122.jar;C:\Users\MAMALONA\.m2\repository\org\netbeans\api\org-openide-util\RELEASE122\org-openide-util-RELEASE122.jar;C:\Users\MAMALONA\.m2\repository\org\netbeans\api\org-openide-util-lookup\RELEASE122\org-openide-util-lookup-RELEASE122.jar;C:\Users\MAMALONA\.m2\repository\org\netbeans\api\org-openide-util-ui\RELEASE122\org-openide-util-ui-RELEASE122.jar;C:\Users\MAMALONA\.m2\repository\org\netbeans\api\org-openide-windows\RELEASE122\org-openide-windows-RELEASE122.jar;C:\Users\MAMALONA\.m2\repository\org\eclipse\persistence\org.eclipse.persistence.core\2.7.10\org.eclipse.persistence.core-2.7.10.jar;C:\Users\MAMALONA\.m2\repository\org\eclipse\persistence\org.eclipse.persistence.asm\9.2.0\org.eclipse.persistence.asm-9.2.0.jar;C:\Users\MAMALONA\.m2\repository\org\eclipse\persistence\org.eclipse.persistence.antlr\2.7.10\org.eclipse.persistence.antlr-2.7.10.jar;C:\Users\MAMALONA\.m2\repository\org\eclipse\persistence\org.eclipse.persistence.jpa\2.7.10\org.eclipse.persistence.jpa-2.7.10.jar;C:\Users\MAMALONA\.m2\repository\org\eclipse\persistence\jakarta.persistence\2.2.3\jakarta.persistence-2.2.3.jar;C:\Users\MAMALONA\.m2\repository\org\eclipse\persistence\org.eclipse.persistence.jpa.jpql\2.7.10\org.eclipse.persistence.jpa.jpql-2.7.10.jar;C:\Users\MAMALONA\.m2\repository\org\eclipse\persistence\org.eclipse.persistence.moxy\2.7.10\org.eclipse.persistence.moxy-2.7.10.jar;C:\Users\MAMALONA\.m2\repository\org\apache\velocity\velocity\1.7\velocity-1.7.jar;C:\Users\MAMALONA\.m2\repository\commons-collections\commons-collections\3.2.1\commons-collections-3.2.1.jar;C:\Users\MAMALONA\.m2\repository\commons-lang\commons-lang\2.4\commons-lang-2.4.jar;C:\Users\MAMALONA\.m2\repository\org\springframework\spring-context-support\5.3.18\spring-context-support-5.3.18.jar;"/>
    <property name="sun.cpu.endian" value="little"/>
    <property name="user.home" value="C:\Users\MAMALONA"/>
    <property name="user.language" value="es"/>
    <property name="java.specification.vendor" value="Oracle Corporation"/>
    <property name="java.version.date" value="2022-10-18"/>
    <property name="java.home" value="C:\Program Files\Java\jdk-19"/>
    <property name="file.separator" value="\"/>
    <property name="basedir" value="C:\Programacion\ArgentinaPrograma\Portfolio-BackEnd"/>
    <property name="java.vm.compressedOopsMode" value="Zero based"/>
    <property name="line.separator" value="&#10;"/>
    <property name="java.vm.specification.vendor" value="Oracle Corporation"/>
    <property name="java.specification.name" value="Java Platform API Specification"/>
    <property name="surefire.real.class.path" value="C:\Users\MAMALONA\AppData\Local\Temp\surefire6513394468758268439\surefirebooter15724278582208928561.jar"/>
    <property name="user.script" value=""/>
    <property name="sun.management.compiler" value="HotSpot 64-Bit Tiered Compilers"/>
    <property name="java.runtime.version" value="19.0.1+10-21"/>
    <property name="user.name" value="Bruno.Porfidio"/>
    <property name="stdout.encoding" value="UTF-8"/>
    <property name="path.separator" value=";"/>
    <property name="os.version" value="10.0"/>
    <property name="java.runtime.name" value="Java(TM) SE Runtime Environment"/>
    <property name="file.encoding" value="UTF-8"/>
    <property name="java.vm.name" value="Java HotSpot(TM) 64-Bit Server VM"/>
    <property name="maven.ext.class.path" value="C:\Program Files\NetBeans-15\netbeans\java\maven-nblib\netbeans-eventspy.jar"/>
    <property name="localRepository" value="C:\Users\MAMALONA\.m2\repository"/>
    <property name="java.vendor.url.bug" value="https://bugreport.java.com/bugreport/"/>
    <property name="java.io.tmpdir" value="C:\Users\MAMALONA\AppData\Local\Temp\"/>
    <property name="java.version" value="19.0.1"/>
    <property name="user.dir" value="C:\Programacion\ArgentinaPrograma\Portfolio-BackEnd"/>
    <property name="os.arch" value="amd64"/>
    <property name="java.vm.specification.name" value="Java Virtual Machine Specification"/>
    <property name="sun.os.patch.level" value=""/>
    <property name="native.encoding" value="UTF-8"/>
    <property name="java.library.path" value="C:\Program Files\Java\jdk-19\bin;C:\Windows\Sun\Java\bin;C:\Windows\system32;C:\Windows;C:\Program Files\Common Files\Oracle\Java\javapath;C:\Python311\Scripts\;C:\Python311\;C:\Program Files (x86)\Common Files\Oracle\Java\javapath;C:\Python310\Scripts\;C:\Python310\;C:\Windows\system32;C:\Windows;C:\Windows\System32\Wbem;C:\Windows\System32\WindowsPowerShell\v1.0\;C:\Windows\System32\OpenSSH\;C:\ProgramData\chocolatey\bin;C:\Program Files\dotnet\;C:\Juegos\;C:\Program Files\nodejs\;C:\Program Files\Git\cmd;C:\Program Files\Git\mingw64\bin;C:\Program Files\Git\usr\bin;C:\Program Files (x86)\Windows Kits\10\Windows Performance Toolkit\;C:\Program Files\Docker\Docker\resources\bin;C:\Users\MAMALONA\AppData\Local\Programs\Python\Python310\Scripts\;C:\Users\MAMALONA\AppData\Local\Programs\Python\Python310\;C:\Program Files\MySQL\MySQL Shell 8.0\bin\;C:\Users\MAMALONA\AppData\Local\Microsoft\WindowsApps;C:\Users\MAMALONA\AppData\Local\Programs\Microsoft VS Code\bin;C:\Users\MAMALONA\.fly\bin;C:\Users\MAMALONA\AppData\Roaming\npm;C:\Users\MAMALONA\AppData\Local\GitHubDesktop\bin;."/>
    <property name="java.vm.info" value="mixed mode, sharing"/>
    <property name="stderr.encoding" value="UTF-8"/>
    <property name="java.vendor" value="Oracle Corporation"/>
    <property name="java.vm.version" value="19.0.1+10-21"/>
    <property name="sun.io.unicode.encoding" value="UnicodeLittle"/>
    <property name="java.class.version" value="63.0"/>
  </properties>
  <testcase name="contextLoads" classname="com.portfolio.apiportfolio.ApiPortfolioApplicationTests" time="0.099"/>
</testsuite>